{
    "/Users/diegochui/Desktop/310proj/project_e6y0b_s5c1b/src/controller/IInsightFacade.js": {
        "path": "/Users/diegochui/Desktop/310proj/project_e6y0b_s5c1b/src/controller/IInsightFacade.js",
        "statementMap": {
            "0": {
                "start": {
                    "line": 2,
                    "column": 0
                },
                "end": {
                    "line": 2,
                    "column": 62
                }
            },
            "1": {
                "start": {
                    "line": 4,
                    "column": 0
                },
                "end": {
                    "line": 7,
                    "column": 89
                }
            },
            "2": {
                "start": {
                    "line": 5,
                    "column": 4
                },
                "end": {
                    "line": 5,
                    "column": 46
                }
            },
            "3": {
                "start": {
                    "line": 6,
                    "column": 4
                },
                "end": {
                    "line": 6,
                    "column": 42
                }
            },
            "4": {
                "start": {
                    "line": 10,
                    "column": 8
                },
                "end": {
                    "line": 10,
                    "column": 23
                }
            },
            "5": {
                "start": {
                    "line": 11,
                    "column": 8
                },
                "end": {
                    "line": 11,
                    "column": 52
                }
            },
            "6": {
                "start": {
                    "line": 14,
                    "column": 0
                },
                "end": {
                    "line": 14,
                    "column": 36
                }
            },
            "7": {
                "start": {
                    "line": 17,
                    "column": 8
                },
                "end": {
                    "line": 17,
                    "column": 23
                }
            },
            "8": {
                "start": {
                    "line": 18,
                    "column": 8
                },
                "end": {
                    "line": 18,
                    "column": 53
                }
            },
            "9": {
                "start": {
                    "line": 21,
                    "column": 0
                },
                "end": {
                    "line": 21,
                    "column": 38
                }
            }
        },
        "fnMap": {
            "0": {
                "name": "(anonymous_0)",
                "decl": {
                    "start": {
                        "line": 4,
                        "column": 1
                    },
                    "end": {
                        "line": 4,
                        "column": 2
                    }
                },
                "loc": {
                    "start": {
                        "line": 4,
                        "column": 31
                    },
                    "end": {
                        "line": 7,
                        "column": 1
                    }
                },
                "line": 4
            },
            "1": {
                "name": "(anonymous_1)",
                "decl": {
                    "start": {
                        "line": 9,
                        "column": 4
                    },
                    "end": {
                        "line": 9,
                        "column": 5
                    }
                },
                "loc": {
                    "start": {
                        "line": 9,
                        "column": 25
                    },
                    "end": {
                        "line": 12,
                        "column": 5
                    }
                },
                "line": 9
            },
            "2": {
                "name": "(anonymous_2)",
                "decl": {
                    "start": {
                        "line": 16,
                        "column": 4
                    },
                    "end": {
                        "line": 16,
                        "column": 5
                    }
                },
                "loc": {
                    "start": {
                        "line": 16,
                        "column": 25
                    },
                    "end": {
                        "line": 19,
                        "column": 5
                    }
                },
                "line": 16
            }
        },
        "branchMap": {
            "0": {
                "loc": {
                    "start": {
                        "line": 7,
                        "column": 24
                    },
                    "end": {
                        "line": 7,
                        "column": 87
                    }
                },
                "type": "binary-expr",
                "locations": [
                    {
                        "start": {
                            "line": 7,
                            "column": 24
                        },
                        "end": {
                            "line": 7,
                            "column": 50
                        }
                    },
                    {
                        "start": {
                            "line": 7,
                            "column": 55
                        },
                        "end": {
                            "line": 7,
                            "column": 86
                        }
                    }
                ],
                "line": 7
            }
        },
        "s": {
            "0": 1,
            "1": 1,
            "2": 1,
            "3": 1,
            "4": 40,
            "5": 40,
            "6": 1,
            "7": 8,
            "8": 8,
            "9": 1
        },
        "f": {
            "0": 1,
            "1": 40,
            "2": 8
        },
        "b": {
            "0": [
                1,
                1
            ]
        },
        "_coverageSchema": "332fd63041d2c1bcb487cc26dd0d5f7d97098a6c",
        "hash": "8afb66a91bbd7202c8206f7be29d16a18271edee",
        "contentHash": "1bfc18d6c1efc5d39c203af57714576f_11.3.0"
    },
    "/Users/diegochui/Desktop/310proj/project_e6y0b_s5c1b/src/controller/InsightFacade.js": {
        "path": "/Users/diegochui/Desktop/310proj/project_e6y0b_s5c1b/src/controller/InsightFacade.js",
        "statementMap": {
            "0": {
                "start": {
                    "line": 2,
                    "column": 0
                },
                "end": {
                    "line": 2,
                    "column": 62
                }
            },
            "1": {
                "start": {
                    "line": 3,
                    "column": 15
                },
                "end": {
                    "line": 3,
                    "column": 33
                }
            },
            "2": {
                "start": {
                    "line": 4,
                    "column": 25
                },
                "end": {
                    "line": 4,
                    "column": 52
                }
            },
            "3": {
                "start": {
                    "line": 5,
                    "column": 14
                },
                "end": {
                    "line": 5,
                    "column": 30
                }
            },
            "4": {
                "start": {
                    "line": 6,
                    "column": 11
                },
                "end": {
                    "line": 6,
                    "column": 24
                }
            },
            "5": {
                "start": {
                    "line": 9,
                    "column": 8
                },
                "end": {
                    "line": 9,
                    "column": 58
                }
            },
            "6": {
                "start": {
                    "line": 10,
                    "column": 8
                },
                "end": {
                    "line": 10,
                    "column": 36
                }
            },
            "7": {
                "start": {
                    "line": 13,
                    "column": 8
                },
                "end": {
                    "line": 13,
                    "column": 33
                }
            },
            "8": {
                "start": {
                    "line": 16,
                    "column": 8
                },
                "end": {
                    "line": 80,
                    "column": 11
                }
            },
            "9": {
                "start": {
                    "line": 17,
                    "column": 12
                },
                "end": {
                    "line": 17,
                    "column": 29
                }
            },
            "10": {
                "start": {
                    "line": 18,
                    "column": 25
                },
                "end": {
                    "line": 18,
                    "column": 28
                }
            },
            "11": {
                "start": {
                    "line": 19,
                    "column": 12
                },
                "end": {
                    "line": 24,
                    "column": 13
                }
            },
            "12": {
                "start": {
                    "line": 20,
                    "column": 16
                },
                "end": {
                    "line": 20,
                    "column": 34
                }
            },
            "13": {
                "start": {
                    "line": 22,
                    "column": 17
                },
                "end": {
                    "line": 24,
                    "column": 13
                }
            },
            "14": {
                "start": {
                    "line": 23,
                    "column": 16
                },
                "end": {
                    "line": 23,
                    "column": 37
                }
            },
            "15": {
                "start": {
                    "line": 25,
                    "column": 12
                },
                "end": {
                    "line": 35,
                    "column": 13
                }
            },
            "16": {
                "start": {
                    "line": 27,
                    "column": 20
                },
                "end": {
                    "line": 27,
                    "column": 83
                }
            },
            "17": {
                "start": {
                    "line": 30,
                    "column": 20
                },
                "end": {
                    "line": 30,
                    "column": 92
                }
            },
            "18": {
                "start": {
                    "line": 33,
                    "column": 20
                },
                "end": {
                    "line": 33,
                    "column": 48
                }
            },
            "19": {
                "start": {
                    "line": 36,
                    "column": 12
                },
                "end": {
                    "line": 79,
                    "column": 15
                }
            },
            "20": {
                "start": {
                    "line": 38,
                    "column": 16
                },
                "end": {
                    "line": 43,
                    "column": 17
                }
            },
            "21": {
                "start": {
                    "line": 39,
                    "column": 20
                },
                "end": {
                    "line": 39,
                    "column": 42
                }
            },
            "22": {
                "start": {
                    "line": 41,
                    "column": 21
                },
                "end": {
                    "line": 43,
                    "column": 17
                }
            },
            "23": {
                "start": {
                    "line": 42,
                    "column": 20
                },
                "end": {
                    "line": 42,
                    "column": 40
                }
            },
            "24": {
                "start": {
                    "line": 44,
                    "column": 41
                },
                "end": {
                    "line": 44,
                    "column": 43
                }
            },
            "25": {
                "start": {
                    "line": 45,
                    "column": 16
                },
                "end": {
                    "line": 59,
                    "column": 17
                }
            },
            "26": {
                "start": {
                    "line": 46,
                    "column": 20
                },
                "end": {
                    "line": 46,
                    "column": 83
                }
            },
            "27": {
                "start": {
                    "line": 48,
                    "column": 21
                },
                "end": {
                    "line": 59,
                    "column": 17
                }
            },
            "28": {
                "start": {
                    "line": 49,
                    "column": 20
                },
                "end": {
                    "line": 55,
                    "column": 24
                }
            },
            "29": {
                "start": {
                    "line": 50,
                    "column": 24
                },
                "end": {
                    "line": 54,
                    "column": 28
                }
            },
            "30": {
                "start": {
                    "line": 51,
                    "column": 28
                },
                "end": {
                    "line": 51,
                    "column": 53
                }
            },
            "31": {
                "start": {
                    "line": 53,
                    "column": 28
                },
                "end": {
                    "line": 53,
                    "column": 122
                }
            },
            "32": {
                "start": {
                    "line": 58,
                    "column": 20
                },
                "end": {
                    "line": 58,
                    "column": 123
                }
            },
            "33": {
                "start": {
                    "line": 60,
                    "column": 16
                },
                "end": {
                    "line": 76,
                    "column": 19
                }
            },
            "34": {
                "start": {
                    "line": 61,
                    "column": 39
                },
                "end": {
                    "line": 61,
                    "column": 62
                }
            },
            "35": {
                "start": {
                    "line": 62,
                    "column": 20
                },
                "end": {
                    "line": 75,
                    "column": 21
                }
            },
            "36": {
                "start": {
                    "line": 63,
                    "column": 24
                },
                "end": {
                    "line": 63,
                    "column": 51
                }
            },
            "37": {
                "start": {
                    "line": 64,
                    "column": 24
                },
                "end": {
                    "line": 64,
                    "column": 99
                }
            },
            "38": {
                "start": {
                    "line": 67,
                    "column": 24
                },
                "end": {
                    "line": 69,
                    "column": 27
                }
            },
            "39": {
                "start": {
                    "line": 68,
                    "column": 28
                },
                "end": {
                    "line": 68,
                    "column": 99
                }
            },
            "40": {
                "start": {
                    "line": 70,
                    "column": 37
                },
                "end": {
                    "line": 70,
                    "column": 39
                }
            },
            "41": {
                "start": {
                    "line": 71,
                    "column": 24
                },
                "end": {
                    "line": 73,
                    "column": 27
                }
            },
            "42": {
                "start": {
                    "line": 72,
                    "column": 28
                },
                "end": {
                    "line": 72,
                    "column": 45
                }
            },
            "43": {
                "start": {
                    "line": 74,
                    "column": 24
                },
                "end": {
                    "line": 74,
                    "column": 47
                }
            },
            "44": {
                "start": {
                    "line": 78,
                    "column": 16
                },
                "end": {
                    "line": 78,
                    "column": 110
                }
            },
            "45": {
                "start": {
                    "line": 83,
                    "column": 8
                },
                "end": {
                    "line": 118,
                    "column": 9
                }
            },
            "46": {
                "start": {
                    "line": 84,
                    "column": 31
                },
                "end": {
                    "line": 84,
                    "column": 56
                }
            },
            "47": {
                "start": {
                    "line": 86,
                    "column": 12
                },
                "end": {
                    "line": 115,
                    "column": 13
                }
            },
            "48": {
                "start": {
                    "line": 87,
                    "column": 32
                },
                "end": {
                    "line": 87,
                    "column": 44
                }
            },
            "49": {
                "start": {
                    "line": 88,
                    "column": 31
                },
                "end": {
                    "line": 88,
                    "column": 42
                }
            },
            "50": {
                "start": {
                    "line": 89,
                    "column": 32
                },
                "end": {
                    "line": 89,
                    "column": 40
                }
            },
            "51": {
                "start": {
                    "line": 90,
                    "column": 35
                },
                "end": {
                    "line": 90,
                    "column": 49
                }
            },
            "52": {
                "start": {
                    "line": 91,
                    "column": 34
                },
                "end": {
                    "line": 91,
                    "column": 44
                }
            },
            "53": {
                "start": {
                    "line": 92,
                    "column": 33
                },
                "end": {
                    "line": 92,
                    "column": 42
                }
            },
            "54": {
                "start": {
                    "line": 93,
                    "column": 33
                },
                "end": {
                    "line": 93,
                    "column": 42
                }
            },
            "55": {
                "start": {
                    "line": 94,
                    "column": 31
                },
                "end": {
                    "line": 94,
                    "column": 41
                }
            },
            "56": {
                "start": {
                    "line": 95,
                    "column": 33
                },
                "end": {
                    "line": 95,
                    "column": 51
                }
            },
            "57": {
                "start": {
                    "line": 96,
                    "column": 33
                },
                "end": {
                    "line": 96,
                    "column": 50
                }
            },
            "58": {
                "start": {
                    "line": 97,
                    "column": 37
                },
                "end": {
                    "line": 108,
                    "column": 17
                }
            },
            "59": {
                "start": {
                    "line": 109,
                    "column": 16
                },
                "end": {
                    "line": 113,
                    "column": 17
                }
            },
            "60": {
                "start": {
                    "line": 110,
                    "column": 20
                },
                "end": {
                    "line": 112,
                    "column": 21
                }
            },
            "61": {
                "start": {
                    "line": 111,
                    "column": 24
                },
                "end": {
                    "line": 111,
                    "column": 98
                }
            },
            "62": {
                "start": {
                    "line": 114,
                    "column": 16
                },
                "end": {
                    "line": 114,
                    "column": 68
                }
            },
            "63": {
                "start": {
                    "line": 121,
                    "column": 8
                },
                "end": {
                    "line": 142,
                    "column": 11
                }
            },
            "64": {
                "start": {
                    "line": 122,
                    "column": 12
                },
                "end": {
                    "line": 141,
                    "column": 13
                }
            },
            "65": {
                "start": {
                    "line": 123,
                    "column": 29
                },
                "end": {
                    "line": 123,
                    "column": 48
                }
            },
            "66": {
                "start": {
                    "line": 124,
                    "column": 16
                },
                "end": {
                    "line": 124,
                    "column": 30
                }
            },
            "67": {
                "start": {
                    "line": 127,
                    "column": 16
                },
                "end": {
                    "line": 140,
                    "column": 19
                }
            },
            "68": {
                "start": {
                    "line": 128,
                    "column": 20
                },
                "end": {
                    "line": 139,
                    "column": 21
                }
            },
            "69": {
                "start": {
                    "line": 129,
                    "column": 24
                },
                "end": {
                    "line": 129,
                    "column": 31
                }
            },
            "70": {
                "start": {
                    "line": 132,
                    "column": 35
                },
                "end": {
                    "line": 132,
                    "column": 55
                }
            },
            "71": {
                "start": {
                    "line": 133,
                    "column": 24
                },
                "end": {
                    "line": 138,
                    "column": 27
                }
            },
            "72": {
                "start": {
                    "line": 134,
                    "column": 28
                },
                "end": {
                    "line": 136,
                    "column": 29
                }
            },
            "73": {
                "start": {
                    "line": 135,
                    "column": 32
                },
                "end": {
                    "line": 135,
                    "column": 39
                }
            },
            "74": {
                "start": {
                    "line": 137,
                    "column": 28
                },
                "end": {
                    "line": 137,
                    "column": 78
                }
            },
            "75": {
                "start": {
                    "line": 145,
                    "column": 8
                },
                "end": {
                    "line": 158,
                    "column": 11
                }
            },
            "76": {
                "start": {
                    "line": 146,
                    "column": 12
                },
                "end": {
                    "line": 148,
                    "column": 13
                }
            },
            "77": {
                "start": {
                    "line": 147,
                    "column": 16
                },
                "end": {
                    "line": 147,
                    "column": 79
                }
            },
            "78": {
                "start": {
                    "line": 149,
                    "column": 12
                },
                "end": {
                    "line": 157,
                    "column": 15
                }
            },
            "79": {
                "start": {
                    "line": 150,
                    "column": 16
                },
                "end": {
                    "line": 156,
                    "column": 17
                }
            },
            "80": {
                "start": {
                    "line": 151,
                    "column": 20
                },
                "end": {
                    "line": 151,
                    "column": 105
                }
            },
            "81": {
                "start": {
                    "line": 153,
                    "column": 21
                },
                "end": {
                    "line": 156,
                    "column": 17
                }
            },
            "82": {
                "start": {
                    "line": 154,
                    "column": 20
                },
                "end": {
                    "line": 154,
                    "column": 47
                }
            },
            "83": {
                "start": {
                    "line": 155,
                    "column": 20
                },
                "end": {
                    "line": 155,
                    "column": 39
                }
            },
            "84": {
                "start": {
                    "line": 161,
                    "column": 8
                },
                "end": {
                    "line": 182,
                    "column": 11
                }
            },
            "85": {
                "start": {
                    "line": 162,
                    "column": 12
                },
                "end": {
                    "line": 181,
                    "column": 13
                }
            },
            "86": {
                "start": {
                    "line": 163,
                    "column": 29
                },
                "end": {
                    "line": 163,
                    "column": 40
                }
            },
            "87": {
                "start": {
                    "line": 164,
                    "column": 30
                },
                "end": {
                    "line": 164,
                    "column": 43
                }
            },
            "88": {
                "start": {
                    "line": 165,
                    "column": 38
                },
                "end": {
                    "line": 165,
                    "column": 59
                }
            },
            "89": {
                "start": {
                    "line": 166,
                    "column": 30
                },
                "end": {
                    "line": 166,
                    "column": 45
                }
            },
            "90": {
                "start": {
                    "line": 167,
                    "column": 28
                },
                "end": {
                    "line": 167,
                    "column": 41
                }
            },
            "91": {
                "start": {
                    "line": 168,
                    "column": 25
                },
                "end": {
                    "line": 168,
                    "column": 49
                }
            },
            "92": {
                "start": {
                    "line": 171,
                    "column": 16
                },
                "end": {
                    "line": 176,
                    "column": 17
                }
            },
            "93": {
                "start": {
                    "line": 172,
                    "column": 20
                },
                "end": {
                    "line": 172,
                    "column": 54
                }
            },
            "94": {
                "start": {
                    "line": 175,
                    "column": 20
                },
                "end": {
                    "line": 175,
                    "column": 73
                }
            },
            "95": {
                "start": {
                    "line": 177,
                    "column": 16
                },
                "end": {
                    "line": 177,
                    "column": 39
                }
            },
            "96": {
                "start": {
                    "line": 180,
                    "column": 16
                },
                "end": {
                    "line": 180,
                    "column": 75
                }
            },
            "97": {
                "start": {
                    "line": 185,
                    "column": 8
                },
                "end": {
                    "line": 192,
                    "column": 11
                }
            },
            "98": {
                "start": {
                    "line": 186,
                    "column": 25
                },
                "end": {
                    "line": 186,
                    "column": 27
                }
            },
            "99": {
                "start": {
                    "line": 187,
                    "column": 12
                },
                "end": {
                    "line": 190,
                    "column": 13
                }
            },
            "100": {
                "start": {
                    "line": 188,
                    "column": 28
                },
                "end": {
                    "line": 188,
                    "column": 58
                }
            },
            "101": {
                "start": {
                    "line": 189,
                    "column": 16
                },
                "end": {
                    "line": 189,
                    "column": 103
                }
            },
            "102": {
                "start": {
                    "line": 191,
                    "column": 12
                },
                "end": {
                    "line": 191,
                    "column": 28
                }
            },
            "103": {
                "start": {
                    "line": 195,
                    "column": 0
                },
                "end": {
                    "line": 195,
                    "column": 32
                }
            }
        },
        "fnMap": {
            "0": {
                "name": "(anonymous_0)",
                "decl": {
                    "start": {
                        "line": 8,
                        "column": 4
                    },
                    "end": {
                        "line": 8,
                        "column": 5
                    }
                },
                "loc": {
                    "start": {
                        "line": 8,
                        "column": 18
                    },
                    "end": {
                        "line": 11,
                        "column": 5
                    }
                },
                "line": 8
            },
            "1": {
                "name": "(anonymous_1)",
                "decl": {
                    "start": {
                        "line": 12,
                        "column": 4
                    },
                    "end": {
                        "line": 12,
                        "column": 5
                    }
                },
                "loc": {
                    "start": {
                        "line": 12,
                        "column": 16
                    },
                    "end": {
                        "line": 14,
                        "column": 5
                    }
                },
                "line": 12
            },
            "2": {
                "name": "(anonymous_2)",
                "decl": {
                    "start": {
                        "line": 15,
                        "column": 4
                    },
                    "end": {
                        "line": 15,
                        "column": 5
                    }
                },
                "loc": {
                    "start": {
                        "line": 15,
                        "column": 34
                    },
                    "end": {
                        "line": 81,
                        "column": 5
                    }
                },
                "line": 15
            },
            "3": {
                "name": "(anonymous_3)",
                "decl": {
                    "start": {
                        "line": 16,
                        "column": 27
                    },
                    "end": {
                        "line": 16,
                        "column": 28
                    }
                },
                "loc": {
                    "start": {
                        "line": 16,
                        "column": 48
                    },
                    "end": {
                        "line": 80,
                        "column": 9
                    }
                },
                "line": 16
            },
            "4": {
                "name": "(anonymous_4)",
                "decl": {
                    "start": {
                        "line": 36,
                        "column": 60
                    },
                    "end": {
                        "line": 36,
                        "column": 61
                    }
                },
                "loc": {
                    "start": {
                        "line": 36,
                        "column": 74
                    },
                    "end": {
                        "line": 77,
                        "column": 13
                    }
                },
                "line": 36
            },
            "5": {
                "name": "(anonymous_5)",
                "decl": {
                    "start": {
                        "line": 49,
                        "column": 38
                    },
                    "end": {
                        "line": 49,
                        "column": 39
                    }
                },
                "loc": {
                    "start": {
                        "line": 49,
                        "column": 68
                    },
                    "end": {
                        "line": 55,
                        "column": 21
                    }
                },
                "line": 49
            },
            "6": {
                "name": "(anonymous_6)",
                "decl": {
                    "start": {
                        "line": 50,
                        "column": 78
                    },
                    "end": {
                        "line": 50,
                        "column": 79
                    }
                },
                "loc": {
                    "start": {
                        "line": 50,
                        "column": 88
                    },
                    "end": {
                        "line": 52,
                        "column": 25
                    }
                },
                "line": 50
            },
            "7": {
                "name": "(anonymous_7)",
                "decl": {
                    "start": {
                        "line": 52,
                        "column": 33
                    },
                    "end": {
                        "line": 52,
                        "column": 34
                    }
                },
                "loc": {
                    "start": {
                        "line": 52,
                        "column": 40
                    },
                    "end": {
                        "line": 54,
                        "column": 25
                    }
                },
                "line": 52
            },
            "8": {
                "name": "(anonymous_8)",
                "decl": {
                    "start": {
                        "line": 60,
                        "column": 53
                    },
                    "end": {
                        "line": 60,
                        "column": 54
                    }
                },
                "loc": {
                    "start": {
                        "line": 60,
                        "column": 59
                    },
                    "end": {
                        "line": 76,
                        "column": 17
                    }
                },
                "line": 60
            },
            "9": {
                "name": "(anonymous_9)",
                "decl": {
                    "start": {
                        "line": 67,
                        "column": 81
                    },
                    "end": {
                        "line": 67,
                        "column": 82
                    }
                },
                "loc": {
                    "start": {
                        "line": 67,
                        "column": 88
                    },
                    "end": {
                        "line": 69,
                        "column": 25
                    }
                },
                "line": 67
            },
            "10": {
                "name": "(anonymous_10)",
                "decl": {
                    "start": {
                        "line": 71,
                        "column": 48
                    },
                    "end": {
                        "line": 71,
                        "column": 49
                    }
                },
                "loc": {
                    "start": {
                        "line": 71,
                        "column": 69
                    },
                    "end": {
                        "line": 73,
                        "column": 25
                    }
                },
                "line": 71
            },
            "11": {
                "name": "(anonymous_11)",
                "decl": {
                    "start": {
                        "line": 77,
                        "column": 21
                    },
                    "end": {
                        "line": 77,
                        "column": 22
                    }
                },
                "loc": {
                    "start": {
                        "line": 77,
                        "column": 28
                    },
                    "end": {
                        "line": 79,
                        "column": 13
                    }
                },
                "line": 77
            },
            "12": {
                "name": "(anonymous_12)",
                "decl": {
                    "start": {
                        "line": 82,
                        "column": 4
                    },
                    "end": {
                        "line": 82,
                        "column": 5
                    }
                },
                "loc": {
                    "start": {
                        "line": 82,
                        "column": 33
                    },
                    "end": {
                        "line": 119,
                        "column": 5
                    }
                },
                "line": 82
            },
            "13": {
                "name": "(anonymous_13)",
                "decl": {
                    "start": {
                        "line": 120,
                        "column": 4
                    },
                    "end": {
                        "line": 120,
                        "column": 5
                    }
                },
                "loc": {
                    "start": {
                        "line": 120,
                        "column": 27
                    },
                    "end": {
                        "line": 143,
                        "column": 5
                    }
                },
                "line": 120
            },
            "14": {
                "name": "(anonymous_14)",
                "decl": {
                    "start": {
                        "line": 121,
                        "column": 31
                    },
                    "end": {
                        "line": 121,
                        "column": 32
                    }
                },
                "loc": {
                    "start": {
                        "line": 121,
                        "column": 45
                    },
                    "end": {
                        "line": 142,
                        "column": 9
                    }
                },
                "line": 121
            },
            "15": {
                "name": "(anonymous_15)",
                "decl": {
                    "start": {
                        "line": 127,
                        "column": 30
                    },
                    "end": {
                        "line": 127,
                        "column": 31
                    }
                },
                "loc": {
                    "start": {
                        "line": 127,
                        "column": 43
                    },
                    "end": {
                        "line": 140,
                        "column": 17
                    }
                },
                "line": 127
            },
            "16": {
                "name": "(anonymous_16)",
                "decl": {
                    "start": {
                        "line": 133,
                        "column": 51
                    },
                    "end": {
                        "line": 133,
                        "column": 52
                    }
                },
                "loc": {
                    "start": {
                        "line": 133,
                        "column": 68
                    },
                    "end": {
                        "line": 138,
                        "column": 25
                    }
                },
                "line": 133
            },
            "17": {
                "name": "(anonymous_17)",
                "decl": {
                    "start": {
                        "line": 144,
                        "column": 4
                    },
                    "end": {
                        "line": 144,
                        "column": 5
                    }
                },
                "loc": {
                    "start": {
                        "line": 144,
                        "column": 22
                    },
                    "end": {
                        "line": 159,
                        "column": 5
                    }
                },
                "line": 144
            },
            "18": {
                "name": "(anonymous_18)",
                "decl": {
                    "start": {
                        "line": 145,
                        "column": 27
                    },
                    "end": {
                        "line": 145,
                        "column": 28
                    }
                },
                "loc": {
                    "start": {
                        "line": 145,
                        "column": 48
                    },
                    "end": {
                        "line": 158,
                        "column": 9
                    }
                },
                "line": 145
            },
            "19": {
                "name": "(anonymous_19)",
                "decl": {
                    "start": {
                        "line": 149,
                        "column": 36
                    },
                    "end": {
                        "line": 149,
                        "column": 37
                    }
                },
                "loc": {
                    "start": {
                        "line": 149,
                        "column": 45
                    },
                    "end": {
                        "line": 157,
                        "column": 13
                    }
                },
                "line": 149
            },
            "20": {
                "name": "(anonymous_20)",
                "decl": {
                    "start": {
                        "line": 160,
                        "column": 4
                    },
                    "end": {
                        "line": 160,
                        "column": 5
                    }
                },
                "loc": {
                    "start": {
                        "line": 160,
                        "column": 24
                    },
                    "end": {
                        "line": 183,
                        "column": 5
                    }
                },
                "line": 160
            },
            "21": {
                "name": "(anonymous_21)",
                "decl": {
                    "start": {
                        "line": 161,
                        "column": 27
                    },
                    "end": {
                        "line": 161,
                        "column": 28
                    }
                },
                "loc": {
                    "start": {
                        "line": 161,
                        "column": 48
                    },
                    "end": {
                        "line": 182,
                        "column": 9
                    }
                },
                "line": 161
            },
            "22": {
                "name": "(anonymous_22)",
                "decl": {
                    "start": {
                        "line": 184,
                        "column": 4
                    },
                    "end": {
                        "line": 184,
                        "column": 5
                    }
                },
                "loc": {
                    "start": {
                        "line": 184,
                        "column": 19
                    },
                    "end": {
                        "line": 193,
                        "column": 5
                    }
                },
                "line": 184
            },
            "23": {
                "name": "(anonymous_23)",
                "decl": {
                    "start": {
                        "line": 185,
                        "column": 27
                    },
                    "end": {
                        "line": 185,
                        "column": 28
                    }
                },
                "loc": {
                    "start": {
                        "line": 185,
                        "column": 48
                    },
                    "end": {
                        "line": 192,
                        "column": 9
                    }
                },
                "line": 185
            }
        },
        "branchMap": {
            "0": {
                "loc": {
                    "start": {
                        "line": 19,
                        "column": 12
                    },
                    "end": {
                        "line": 24,
                        "column": 13
                    }
                },
                "type": "if",
                "locations": [
                    {
                        "start": {
                            "line": 19,
                            "column": 12
                        },
                        "end": {
                            "line": 24,
                            "column": 13
                        }
                    },
                    {
                        "start": {
                            "line": 19,
                            "column": 12
                        },
                        "end": {
                            "line": 24,
                            "column": 13
                        }
                    }
                ],
                "line": 19
            },
            "1": {
                "loc": {
                    "start": {
                        "line": 22,
                        "column": 17
                    },
                    "end": {
                        "line": 24,
                        "column": 13
                    }
                },
                "type": "if",
                "locations": [
                    {
                        "start": {
                            "line": 22,
                            "column": 17
                        },
                        "end": {
                            "line": 24,
                            "column": 13
                        }
                    },
                    {
                        "start": {
                            "line": 22,
                            "column": 17
                        },
                        "end": {
                            "line": 24,
                            "column": 13
                        }
                    }
                ],
                "line": 22
            },
            "2": {
                "loc": {
                    "start": {
                        "line": 22,
                        "column": 21
                    },
                    "end": {
                        "line": 22,
                        "column": 56
                    }
                },
                "type": "binary-expr",
                "locations": [
                    {
                        "start": {
                            "line": 22,
                            "column": 21
                        },
                        "end": {
                            "line": 22,
                            "column": 24
                        }
                    },
                    {
                        "start": {
                            "line": 22,
                            "column": 28
                        },
                        "end": {
                            "line": 22,
                            "column": 43
                        }
                    },
                    {
                        "start": {
                            "line": 22,
                            "column": 47
                        },
                        "end": {
                            "line": 22,
                            "column": 56
                        }
                    }
                ],
                "line": 22
            },
            "3": {
                "loc": {
                    "start": {
                        "line": 25,
                        "column": 12
                    },
                    "end": {
                        "line": 35,
                        "column": 13
                    }
                },
                "type": "switch",
                "locations": [
                    {
                        "start": {
                            "line": 26,
                            "column": 16
                        },
                        "end": {
                            "line": 28,
                            "column": 17
                        }
                    },
                    {
                        "start": {
                            "line": 29,
                            "column": 16
                        },
                        "end": {
                            "line": 31,
                            "column": 17
                        }
                    },
                    {
                        "start": {
                            "line": 32,
                            "column": 16
                        },
                        "end": {
                            "line": 34,
                            "column": 17
                        }
                    }
                ],
                "line": 25
            },
            "4": {
                "loc": {
                    "start": {
                        "line": 38,
                        "column": 16
                    },
                    "end": {
                        "line": 43,
                        "column": 17
                    }
                },
                "type": "if",
                "locations": [
                    {
                        "start": {
                            "line": 38,
                            "column": 16
                        },
                        "end": {
                            "line": 43,
                            "column": 17
                        }
                    },
                    {
                        "start": {
                            "line": 38,
                            "column": 16
                        },
                        "end": {
                            "line": 43,
                            "column": 17
                        }
                    }
                ],
                "line": 38
            },
            "5": {
                "loc": {
                    "start": {
                        "line": 41,
                        "column": 21
                    },
                    "end": {
                        "line": 43,
                        "column": 17
                    }
                },
                "type": "if",
                "locations": [
                    {
                        "start": {
                            "line": 41,
                            "column": 21
                        },
                        "end": {
                            "line": 43,
                            "column": 17
                        }
                    },
                    {
                        "start": {
                            "line": 41,
                            "column": 21
                        },
                        "end": {
                            "line": 43,
                            "column": 17
                        }
                    }
                ],
                "line": 41
            },
            "6": {
                "loc": {
                    "start": {
                        "line": 45,
                        "column": 16
                    },
                    "end": {
                        "line": 59,
                        "column": 17
                    }
                },
                "type": "if",
                "locations": [
                    {
                        "start": {
                            "line": 45,
                            "column": 16
                        },
                        "end": {
                            "line": 59,
                            "column": 17
                        }
                    },
                    {
                        "start": {
                            "line": 45,
                            "column": 16
                        },
                        "end": {
                            "line": 59,
                            "column": 17
                        }
                    }
                ],
                "line": 45
            },
            "7": {
                "loc": {
                    "start": {
                        "line": 48,
                        "column": 21
                    },
                    "end": {
                        "line": 59,
                        "column": 17
                    }
                },
                "type": "if",
                "locations": [
                    {
                        "start": {
                            "line": 48,
                            "column": 21
                        },
                        "end": {
                            "line": 59,
                            "column": 17
                        }
                    },
                    {
                        "start": {
                            "line": 48,
                            "column": 21
                        },
                        "end": {
                            "line": 59,
                            "column": 17
                        }
                    }
                ],
                "line": 48
            },
            "8": {
                "loc": {
                    "start": {
                        "line": 48,
                        "column": 25
                    },
                    "end": {
                        "line": 48,
                        "column": 87
                    }
                },
                "type": "binary-expr",
                "locations": [
                    {
                        "start": {
                            "line": 48,
                            "column": 25
                        },
                        "end": {
                            "line": 48,
                            "column": 64
                        }
                    },
                    {
                        "start": {
                            "line": 48,
                            "column": 68
                        },
                        "end": {
                            "line": 48,
                            "column": 87
                        }
                    }
                ],
                "line": 48
            },
            "9": {
                "loc": {
                    "start": {
                        "line": 62,
                        "column": 20
                    },
                    "end": {
                        "line": 75,
                        "column": 21
                    }
                },
                "type": "if",
                "locations": [
                    {
                        "start": {
                            "line": 62,
                            "column": 20
                        },
                        "end": {
                            "line": 75,
                            "column": 21
                        }
                    },
                    {
                        "start": {
                            "line": 62,
                            "column": 20
                        },
                        "end": {
                            "line": 75,
                            "column": 21
                        }
                    }
                ],
                "line": 62
            },
            "10": {
                "loc": {
                    "start": {
                        "line": 110,
                        "column": 20
                    },
                    "end": {
                        "line": 112,
                        "column": 21
                    }
                },
                "type": "if",
                "locations": [
                    {
                        "start": {
                            "line": 110,
                            "column": 20
                        },
                        "end": {
                            "line": 112,
                            "column": 21
                        }
                    },
                    {
                        "start": {
                            "line": 110,
                            "column": 20
                        },
                        "end": {
                            "line": 112,
                            "column": 21
                        }
                    }
                ],
                "line": 110
            },
            "11": {
                "loc": {
                    "start": {
                        "line": 110,
                        "column": 24
                    },
                    "end": {
                        "line": 110,
                        "column": 98
                    }
                },
                "type": "binary-expr",
                "locations": [
                    {
                        "start": {
                            "line": 110,
                            "column": 24
                        },
                        "end": {
                            "line": 110,
                            "column": 43
                        }
                    },
                    {
                        "start": {
                            "line": 110,
                            "column": 47
                        },
                        "end": {
                            "line": 110,
                            "column": 72
                        }
                    },
                    {
                        "start": {
                            "line": 110,
                            "column": 76
                        },
                        "end": {
                            "line": 110,
                            "column": 98
                        }
                    }
                ],
                "line": 110
            },
            "12": {
                "loc": {
                    "start": {
                        "line": 122,
                        "column": 12
                    },
                    "end": {
                        "line": 141,
                        "column": 13
                    }
                },
                "type": "if",
                "locations": [
                    {
                        "start": {
                            "line": 122,
                            "column": 12
                        },
                        "end": {
                            "line": 141,
                            "column": 13
                        }
                    },
                    {
                        "start": {
                            "line": 122,
                            "column": 12
                        },
                        "end": {
                            "line": 141,
                            "column": 13
                        }
                    }
                ],
                "line": 122
            },
            "13": {
                "loc": {
                    "start": {
                        "line": 128,
                        "column": 20
                    },
                    "end": {
                        "line": 139,
                        "column": 21
                    }
                },
                "type": "if",
                "locations": [
                    {
                        "start": {
                            "line": 128,
                            "column": 20
                        },
                        "end": {
                            "line": 139,
                            "column": 21
                        }
                    },
                    {
                        "start": {
                            "line": 128,
                            "column": 20
                        },
                        "end": {
                            "line": 139,
                            "column": 21
                        }
                    }
                ],
                "line": 128
            },
            "14": {
                "loc": {
                    "start": {
                        "line": 134,
                        "column": 28
                    },
                    "end": {
                        "line": 136,
                        "column": 29
                    }
                },
                "type": "if",
                "locations": [
                    {
                        "start": {
                            "line": 134,
                            "column": 28
                        },
                        "end": {
                            "line": 136,
                            "column": 29
                        }
                    },
                    {
                        "start": {
                            "line": 134,
                            "column": 28
                        },
                        "end": {
                            "line": 136,
                            "column": 29
                        }
                    }
                ],
                "line": 134
            },
            "15": {
                "loc": {
                    "start": {
                        "line": 146,
                        "column": 12
                    },
                    "end": {
                        "line": 148,
                        "column": 13
                    }
                },
                "type": "if",
                "locations": [
                    {
                        "start": {
                            "line": 146,
                            "column": 12
                        },
                        "end": {
                            "line": 148,
                            "column": 13
                        }
                    },
                    {
                        "start": {
                            "line": 146,
                            "column": 12
                        },
                        "end": {
                            "line": 148,
                            "column": 13
                        }
                    }
                ],
                "line": 146
            },
            "16": {
                "loc": {
                    "start": {
                        "line": 146,
                        "column": 16
                    },
                    "end": {
                        "line": 146,
                        "column": 47
                    }
                },
                "type": "binary-expr",
                "locations": [
                    {
                        "start": {
                            "line": 146,
                            "column": 16
                        },
                        "end": {
                            "line": 146,
                            "column": 27
                        }
                    },
                    {
                        "start": {
                            "line": 146,
                            "column": 31
                        },
                        "end": {
                            "line": 146,
                            "column": 34
                        }
                    },
                    {
                        "start": {
                            "line": 146,
                            "column": 38
                        },
                        "end": {
                            "line": 146,
                            "column": 47
                        }
                    }
                ],
                "line": 146
            },
            "17": {
                "loc": {
                    "start": {
                        "line": 150,
                        "column": 16
                    },
                    "end": {
                        "line": 156,
                        "column": 17
                    }
                },
                "type": "if",
                "locations": [
                    {
                        "start": {
                            "line": 150,
                            "column": 16
                        },
                        "end": {
                            "line": 156,
                            "column": 17
                        }
                    },
                    {
                        "start": {
                            "line": 150,
                            "column": 16
                        },
                        "end": {
                            "line": 156,
                            "column": 17
                        }
                    }
                ],
                "line": 150
            },
            "18": {
                "loc": {
                    "start": {
                        "line": 153,
                        "column": 21
                    },
                    "end": {
                        "line": 156,
                        "column": 17
                    }
                },
                "type": "if",
                "locations": [
                    {
                        "start": {
                            "line": 153,
                            "column": 21
                        },
                        "end": {
                            "line": 156,
                            "column": 17
                        }
                    },
                    {
                        "start": {
                            "line": 153,
                            "column": 21
                        },
                        "end": {
                            "line": 156,
                            "column": 17
                        }
                    }
                ],
                "line": 153
            },
            "19": {
                "loc": {
                    "start": {
                        "line": 171,
                        "column": 16
                    },
                    "end": {
                        "line": 176,
                        "column": 17
                    }
                },
                "type": "if",
                "locations": [
                    {
                        "start": {
                            "line": 171,
                            "column": 16
                        },
                        "end": {
                            "line": 176,
                            "column": 17
                        }
                    },
                    {
                        "start": {
                            "line": 171,
                            "column": 16
                        },
                        "end": {
                            "line": 176,
                            "column": 17
                        }
                    }
                ],
                "line": 171
            }
        },
        "s": {
            "0": 1,
            "1": 1,
            "2": 1,
            "3": 1,
            "4": 1,
            "5": 2,
            "6": 2,
            "7": 27,
            "8": 27,
            "9": 27,
            "10": 27,
            "11": 27,
            "12": 4,
            "13": 23,
            "14": 11,
            "15": 27,
            "16": 11,
            "17": 4,
            "18": 12,
            "19": 12,
            "20": 11,
            "21": 11,
            "22": 0,
            "23": 0,
            "24": 11,
            "25": 11,
            "26": 0,
            "27": 11,
            "28": 2,
            "29": 11890,
            "30": 11890,
            "31": 0,
            "32": 9,
            "33": 2,
            "34": 2,
            "35": 2,
            "36": 0,
            "37": 0,
            "38": 2,
            "39": 2,
            "40": 2,
            "41": 2,
            "42": 2,
            "43": 2,
            "44": 1,
            "45": 11890,
            "46": 11890,
            "47": 11888,
            "48": 129224,
            "49": 129224,
            "50": 129224,
            "51": 129224,
            "52": 129224,
            "53": 129224,
            "54": 129224,
            "55": 129224,
            "56": 129224,
            "57": 129224,
            "58": 129224,
            "59": 129224,
            "60": 1292240,
            "61": 0,
            "62": 129224,
            "63": 27,
            "64": 27,
            "65": 27,
            "66": 27,
            "67": 0,
            "68": 0,
            "69": 0,
            "70": 0,
            "71": 0,
            "72": 0,
            "73": 0,
            "74": 0,
            "75": 11,
            "76": 11,
            "77": 3,
            "78": 8,
            "79": 8,
            "80": 8,
            "81": 0,
            "82": 0,
            "83": 0,
            "84": 144,
            "85": 144,
            "86": 144,
            "87": 144,
            "88": 144,
            "89": 144,
            "90": 141,
            "91": 141,
            "92": 136,
            "93": 134,
            "94": 2,
            "95": 134,
            "96": 10,
            "97": 8,
            "98": 8,
            "99": 8,
            "100": 17,
            "101": 17,
            "102": 8,
            "103": 1
        },
        "f": {
            "0": 2,
            "1": 27,
            "2": 27,
            "3": 27,
            "4": 11,
            "5": 11890,
            "6": 11890,
            "7": 0,
            "8": 2,
            "9": 2,
            "10": 2,
            "11": 1,
            "12": 11890,
            "13": 27,
            "14": 27,
            "15": 0,
            "16": 0,
            "17": 11,
            "18": 11,
            "19": 8,
            "20": 144,
            "21": 144,
            "22": 8,
            "23": 8
        },
        "b": {
            "0": [
                4,
                23
            ],
            "1": [
                11,
                12
            ],
            "2": [
                23,
                12,
                12
            ],
            "3": [
                11,
                4,
                12
            ],
            "4": [
                11,
                0
            ],
            "5": [
                0,
                0
            ],
            "6": [
                0,
                11
            ],
            "7": [
                2,
                9
            ],
            "8": [
                11,
                9
            ],
            "9": [
                0,
                2
            ],
            "10": [
                0,
                1292240
            ],
            "11": [
                1292240,
                1292240,
                1292240
            ],
            "12": [
                27,
                0
            ],
            "13": [
                0,
                0
            ],
            "14": [
                0,
                0
            ],
            "15": [
                3,
                8
            ],
            "16": [
                11,
                10,
                8
            ],
            "17": [
                8,
                0
            ],
            "18": [
                0,
                0
            ],
            "19": [
                134,
                2
            ]
        },
        "_coverageSchema": "332fd63041d2c1bcb487cc26dd0d5f7d97098a6c",
        "hash": "48765862c361fd4de7f5becdaf510e5dae728321",
        "contentHash": "a03fdff3ffb3958083a1bfca2b635b52_11.3.0"
    },
    "/Users/diegochui/Desktop/310proj/project_e6y0b_s5c1b/src/Util.js": {
        "path": "/Users/diegochui/Desktop/310proj/project_e6y0b_s5c1b/src/Util.js",
        "statementMap": {
            "0": {
                "start": {
                    "line": 2,
                    "column": 0
                },
                "end": {
                    "line": 2,
                    "column": 62
                }
            },
            "1": {
                "start": {
                    "line": 3,
                    "column": 15
                },
                "end": {
                    "line": 3,
                    "column": 32
                }
            },
            "2": {
                "start": {
                    "line": 4,
                    "column": 0
                },
                "end": {
                    "line": 4,
                    "column": 16
                }
            },
            "3": {
                "start": {
                    "line": 6,
                    "column": 0
                },
                "end": {
                    "line": 13,
                    "column": 32
                }
            },
            "4": {
                "start": {
                    "line": 7,
                    "column": 4
                },
                "end": {
                    "line": 7,
                    "column": 46
                }
            },
            "5": {
                "start": {
                    "line": 8,
                    "column": 4
                },
                "end": {
                    "line": 8,
                    "column": 44
                }
            },
            "6": {
                "start": {
                    "line": 9,
                    "column": 4
                },
                "end": {
                    "line": 9,
                    "column": 44
                }
            },
            "7": {
                "start": {
                    "line": 10,
[...]
                    "column": 34
                }
            },
            "22": {
                "start": {
                    "line": 33,
                    "column": 8
                },
                "end": {
                    "line": 33,
                    "column": 14
                }
            },
            "23": {
                "start": {
                    "line": 35,
                    "column": 8
                },
                "end": {
                    "line": 35,
                    "column": 35
                }
            },
            "24": {
                "start": {
                    "line": 39,
                    "column": 8
                },
                "end": {
                    "line": 41,
                    "column": 9
                }
            },
            "25": {
                "start": {
                    "line": 40,
                    "column": 12
                },
                "end": {
                    "line": 40,
                    "column": 70
                }
            },
            "26": {
                "start": {
                    "line": 44,
                    "column": 8
                },
                "end": {
                    "line": 46,
                    "column": 9
                }
            },
            "27": {
                "start": {
                    "line": 45,
                    "column": 12
                },
                "end": {
                    "line": 45,
                    "column": 71
                }
            },
            "28": {
                "start": {
                    "line": 49,
                    "column": 8
                },
                "end": {
                    "line": 51,
                    "column": 9
                }
            },
            "29": {
                "start": {
                    "line": 50,
                    "column": 12
                },
                "end": {
                    "line": 50,
                    "column": 71
                }
            },
            "30": {
                "start": {
                    "line": 54,
                    "column": 8
                },
                "end": {
                    "line": 56,
                    "column": 9
                }
            },
            "31": {
                "start": {
                    "line": 55,
                    "column": 12
                },
                "end": {
                    "line": 55,
                    "column": 72
                }
            },
            "32": {
                "start": {
                    "line": 59,
                    "column": 8
                },
                "end": {
                    "line": 61,
                    "column": 9
                }
            },
            "33": {
                "start": {
                    "line": 60,
                    "column": 12
                },
                "end": {
                    "line": 60,
                    "column": 70
                }
            },
            "34": {
                "start": {
                    "line": 64,
                    "column": 0
                },
                "end": {
                    "line": 64,
                    "column": 22
                }
            },
            "35": {
                "start": {
                    "line": 65,
                    "column": 0
                },
                "end": {
                    "line": 65,
                    "column": 22
                }
            }
        },
        "fnMap": {
            "0": {
                "name": "(anonymous_0)",
                "decl": {
                    "start": {
                        "line": 6,
                        "column": 1
                    },
                    "end": {
                        "line": 6,
                        "column": 2
                    }
                },
                "loc": {
                    "start": {
                        "line": 6,
                        "column": 21
                    },
                    "end": {
                        "line": 13,
                        "column": 1
                    }
                },
                "line": 6
            },
            "1": {
                "name": "(anonymous_1)",
                "decl": {
                    "start": {
                        "line": 38,
                        "column": 4
                    },
                    "end": {
                        "line": 38,
                        "column": 5
                    }
                },
                "loc": {
                    "start": {
                        "line": 38,
                        "column": 22
                    },
                    "end": {
                        "line": 42,
                        "column": 5
                    }
                },
                "line": 38
            },
            "2": {
                "name": "(anonymous_2)",
                "decl": {
                    "start": {
                        "line": 43,
                        "column": 4
                    },
                    "end": {
                        "line": 43,
                        "column": 5
                    }
                },
                "loc": {
                    "start": {
                        "line": 43,
                        "column": 21
                    },
                    "end": {
                        "line": 47,
                        "column": 5
                    }
                },
                "line": 43
            },
            "3": {
                "name": "(anonymous_3)",
                "decl": {
                    "start": {
                        "line": 48,
                        "column": 4
                    },
                    "end": {
                        "line": 48,
                        "column": 5
                    }
                },
                "loc": {
                    "start": {
                        "line": 48,
                        "column": 21
                    },
                    "end": {
                        "line": 52,
                        "column": 5
                    }
                },
                "line": 48
            },
            "4": {
                "name": "(anonymous_4)",
                "decl": {
                    "start": {
                        "line": 53,
                        "column": 4
                    },
                    "end": {
                        "line": 53,
                        "column": 5
                    }
                },
                "loc": {
                    "start": {
                        "line": 53,
                        "column": 22
                    },
                    "end": {
                        "line": 57,
                        "column": 5
                    }
                },
                "line": 53
            },
            "5": {
                "name": "(anonymous_5)",
                "decl": {
                    "start": {
                        "line": 58,
                        "column": 4
                    },
                    "end": {
                        "line": 58,
                        "column": 5
                    }
                },
                "loc": {
                    "start": {
                        "line": 58,
                        "column": 21
                    },
                    "end": {
                        "line": 62,
                        "column": 5
                    }
                },
                "line": 58
            }
        },
        "branchMap": {
            "0": {
                "loc": {
                    "start": {
                        "line": 13,
                        "column": 3
                    },
                    "end": {
                        "line": 13,
                        "column": 30
                    }
                },
                "type": "binary-expr",
                "locations": [
                    {
                        "start": {
                            "line": 13,
                            "column": 3
                        },
                        "end": {
                            "line": 13,
                            "column": 11
                        }
                    },
                    {
                        "start": {
                            "line": 13,
                            "column": 16
                        },
                        "end": {
                            "line": 13,
                            "column": 29
                        }
                    }
                ],
                "line": 13
            },
            "1": {
                "loc": {
                    "start": {
                        "line": 15,
                        "column": 0
                    },
                    "end": {
                        "line": 36,
                        "column": 1
                    }
                },
                "type": "switch",
                "locations": [
                    {
                        "start": {
                            "line": 16,
                            "column": 4
                        },
                        "end": {
                            "line": 18,
                            "column": 14
                        }
                    },
                    {
                        "start": {
                            "line": 19,
                            "column": 4
                        },
                        "end": {
                            "line": 21,
                            "column": 14
                        }
                    },
                    {
                        "start": {
                            "line": 22,
                            "column": 4
                        },
                        "end": {
                            "line": 24,
                            "column": 14
                        }
                    },
                    {
                        "start": {
                            "line": 25,
                            "column": 4
                        },
                        "end": {
                            "line": 27,
                            "column": 14
                        }
                    },
                    {
                        "start": {
                            "line": 28,
                            "column": 4
                        },
                        "end": {
                            "line": 30,
                            "column": 14
                        }
                    },
                    {
                        "start": {
                            "line": 31,
                            "column": 4
                        },
                        "end": {
                            "line": 33,
                            "column": 14
                        }
                    },
                    {
                        "start": {
                            "line": 34,
                            "column": 4
                        },
                        "end": {
                            "line": 35,
                            "column": 35
                        }
                    }
                ],
                "line": 15
            },
            "2": {
                "loc": {
                    "start": {
                        "line": 15,
                        "column": 9
                    },
                    "end": {
                        "line": 15,
                        "column": 39
                    }
                },
                "type": "binary-expr",
                "locations": [
                    {
                        "start": {
                            "line": 15,
                            "column": 9
                        },
                        "end": {
                            "line": 15,
                            "column": 33
                        }
                    },
                    {
                        "start": {
                            "line": 15,
                            "column": 37
                        },
                        "end": {
                            "line": 15,
                            "column": 39
                        }
                    }
                ],
                "line": 15
            },
            "3": {
                "loc": {
                    "start": {
                        "line": 39,
                        "column": 8
                    },
                    "end": {
                        "line": 41,
                        "column": 9
                    }
                },
                "type": "if",
                "locations": [
                    {
                        "start": {
                            "line": 39,
                            "column": 8
                        },
                        "end": {
                            "line": 41,
                            "column": 9
                        }
                    },
                    {
                        "start": {
                            "line": 39,
                            "column": 8
                        },
                        "end": {
                            "line": 41,
                            "column": 9
                        }
                    }
                ],
                "line": 39
            },
            "4": {
                "loc": {
                    "start": {
                        "line": 44,
                        "column": 8
                    },
                    "end": {
                        "line": 46,
                        "column": 9
                    }
                },
                "type": "if",
                "locations": [
                    {
                        "start": {
                            "line": 44,
                            "column": 8
                        },
                        "end": {
                            "line": 46,
                            "column": 9
                        }
                    },
                    {
                        "start": {
                            "line": 44,
                            "column": 8
                        },
                        "end": {
                            "line": 46,
                            "column": 9
                        }
                    }
                ],
                "line": 44
            },
            "5": {
                "loc": {
                    "start": {
                        "line": 49,
                        "column": 8
                    },
                    "end": {
                        "line": 51,
                        "column": 9
                    }
                },
                "type": "if",
                "locations": [
                    {
                        "start": {
                            "line": 49,
                            "column": 8
                        },
                        "end": {
                            "line": 51,
                            "column": 9
                        }
                    },
                    {
                        "start": {
                            "line": 49,
                            "column": 8
                        },
                        "end": {
                            "line": 51,
                            "column": 9
                        }
                    }
                ],
                "line": 49
            },
            "6": {
                "loc": {
                    "start": {
                        "line": 54,
                        "column": 8
                    },
                    "end": {
                        "line": 56,
                        "column": 9
                    }
                },
                "type": "if",
                "locations": [
                    {
                        "start": {
                            "line": 54,
                            "column": 8
                        },
                        "end": {
                            "line": 56,
                            "column": 9
                        }
                    },
                    {
                        "start": {
                            "line": 54,
                            "column": 8
                        },
                        "end": {
                            "line": 56,
                            "column": 9
                        }
                    }
                ],
                "line": 54
            },
            "7": {
                "loc": {
                    "start": {
                        "line": 59,
                        "column": 8
                    },
                    "end": {
                        "line": 61,
                        "column": 9
                    }
                },
                "type": "if",
                "locations": [
                    {
                        "start": {
                            "line": 59,
                            "column": 8
                        },
                        "end": {
                            "line": 61,
                            "column": 9
                        }
                    },
                    {
                        "start": {
                            "line": 59,
                            "column": 8
                        },
                        "end": {
                            "line": 61,
                            "column": 9
                        }
                    }
                ],
                "line": 59
            }
        },
        "s": {
            "0": 1,
            "1": 1,
            "2": 1,
            "3": 1,
            "4": 1,
            "5": 1,
            "6": 1,
            "7": 1,
            "8": 1,
            "9": 1,
            "10": 1,
            "11": 0,
            "12": 0,
            "13": 0,
            "14": 0,
            "15": 0,
            "16": 0,
            "17": 0,
            "18": 0,
            "19": 0,
            "20": 0,
            "21": 0,
            "22": 0,
            "23": 1,
            "24": 2,
            "25": 2,
            "26": 0,
            "27": 0,
            "28": 0,
            "29": 0,
            "30": 0,
            "31": 0,
            "32": 96,
            "33": 96,
            "34": 1,
            "35": 1
        },
        "f": {
            "0": 1,
            "1": 2,
            "2": 0,
            "3": 0,
            "4": 0,
            "5": 96
        },
        "b": {
            "0": [
                1,
                1
            ],
            "1": [
                0,
                0,
                0,
                0,
                0,
                0,
                1
            ],
            "2": [
                1,
                1
            ],
            "3": [
                2,
                0
            ],
            "4": [
                0,
                0
            ],
            "5": [
                0,
                0
            ],
            "6": [
                0,
                0
            ],
            "7": [
                96,
                0
            ]
        },
        "_coverageSchema": "332fd63041d2c1bcb487cc26dd0d5f7d97098a6c",
        "hash": "673a18c77cffdd31f29ffc1b3d96c310b7bdbbf5",
        "contentHash": "0ce034b8d65a6d8d1046ffa9c953b681_11.3.0"
    }
}
